D:\GOOGLE DRIVE\KPI\PROGRAMMING\OOP\C++\BACKUP\Плейчик\Плейчик\DEBUG\Плейчик.PCH
D:\GOOGLE DRIVE\KPI\PROGRAMMING\OOP\C++\BACKUP\Плейчик\Плейчик\DEBUG\STDAFX.OBJ
D:\GOOGLE DRIVE\KPI\PROGRAMMING\OOP\C++\BACKUP\ПЛЕЙЧИК\ПЛЕЙЧИК\DEBUG\VC110.PDB
D:\GOOGLE DRIVE\KPI\PROGRAMMING\OOP\C++\BACKUP\Плейчик\Плейчик\DEBUG\Плейчик.OBJ
D:\GOOGLE DRIVE\KPI\PROGRAMMING\OOP\C++\BACKUP\Плейчик\Плейчик\DEBUG\SONG.OBJ
D:\GOOGLE DRIVE\KPI\PROGRAMMING\OOP\C++\BACKUP\Плейчик\Плейчик\DEBUG\PLAYL.OBJ
D:\GOOGLE DRIVE\KPI\PROGRAMMING\OOP\C++\BACKUP\Плейчик\Плейчик\DEBUG\HELP.OBJ
D:\GOOGLE DRIVE\KPI\PROGRAMMING\OOP\C++\BACKUP\Плейчик\Плейчик\DEBUG\ASSEMBLYINFO.OBJ
D:\GOOGLE DRIVE\KPI\PROGRAMMING\OOP\C++\BACKUP\Плейчик\Плейчик\DEBUG\ALARM.OBJ
D:\GOOGLE DRIVE\KPI\PROGRAMMING\OOP\C++\BACKUP\Плейчик\Плейчик\DEBUG\ABOUT.OBJ
D:\GOOGLE DRIVE\KPI\PROGRAMMING\OOP\C++\BACKUP\Плейчик\Плейчик\DEBUG\.NETFRAMEWORK,VERSION=V4.5.ASSEMBLYATTRIBUTES.OBJ
D:\GOOGLE DRIVE\KPI\PROGRAMMING\OOP\C++\BACKUP\Плейчик\DEBUG\Плейчик.ILK
D:\GOOGLE DRIVE\KPI\PROGRAMMING\OOP\C++\BACKUP\Плейчик\DEBUG\Плейчик.EXE
D:\GOOGLE DRIVE\KPI\PROGRAMMING\OOP\C++\BACKUP\ПЛЕЙЧИК\DEBUG\ПЛЕЙЧИК.PDB
D:\GOOGLE DRIVE\KPI\PROGRAMMING\OOP\C++\BACKUP\Плейчик\Плейчик\DEBUG\APP.RES
D:\Google Drive\KPI\Programming\OOP\C++\BackUp\Плейчик\Плейчик\Debug\Плейчик.About.resources
D:\Google Drive\KPI\Programming\OOP\C++\BackUp\Плейчик\Плейчик\Debug\Плейчик.Alarm.resources
D:\Google Drive\KPI\Programming\OOP\C++\BackUp\Плейчик\Плейчик\Debug\Плейчик.Form1.resources
D:\Google Drive\KPI\Programming\OOP\C++\BackUp\Плейчик\Плейчик\Debug\Плейчик.help.resources
D:\Google Drive\KPI\Programming\OOP\C++\BackUp\Плейчик\Плейчик\Debug\Плейчик.vcxproj.GenerateResource.Cache
D:\Google Drive\KPI\Programming\OOP\C++\BackUp\Плейчик\Плейчик\Debug\.NETFramework,Version=v4.5.AssemblyAttributes.obj
D:\Google Drive\KPI\Programming\OOP\C++\BackUp\Плейчик\Плейчик\Debug\About.obj
D:\Google Drive\KPI\Programming\OOP\C++\BackUp\Плейчик\Плейчик\Debug\Alarm.obj
D:\Google Drive\KPI\Programming\OOP\C++\BackUp\Плейчик\Плейчик\Debug\AssemblyInfo.obj
D:\Google Drive\KPI\Programming\OOP\C++\BackUp\Плейчик\Плейчик\Debug\help.obj
D:\Google Drive\KPI\Programming\OOP\C++\BackUp\Плейчик\Плейчик\Debug\Playl.obj
D:\Google Drive\KPI\Programming\OOP\C++\BackUp\Плейчик\Плейчик\Debug\Song.obj
D:\Google Drive\KPI\Programming\OOP\C++\BackUp\Плейчик\Плейчик\Debug\stdafx.obj
D:\Google Drive\KPI\Programming\OOP\C++\BackUp\Плейчик\Плейчик\Debug\Плейчик.obj
D:\Google Drive\KPI\Programming\OOP\C++\BackUp\Плейчик\Плейчик\Debug\cl.command.1.tlog
D:\Google Drive\KPI\Programming\OOP\C++\BackUp\Плейчик\Плейчик\Debug\CL.read.1.tlog
D:\Google Drive\KPI\Programming\OOP\C++\BackUp\Плейчик\Плейчик\Debug\CL.write.1.tlog
D:\Google Drive\KPI\Programming\OOP\C++\BackUp\Плейчик\Плейчик\Debug\link.6004-cvtres.read.1.tlog
D:\Google Drive\KPI\Programming\OOP\C++\BackUp\Плейчик\Плейчик\Debug\link.6004-cvtres.write.1.tlog
D:\Google Drive\KPI\Programming\OOP\C++\BackUp\Плейчик\Плейчик\Debug\link.6004-rc.read.1.tlog
D:\Google Drive\KPI\Programming\OOP\C++\BackUp\Плейчик\Плейчик\Debug\link.6004-rc.write.1.tlog
D:\Google Drive\KPI\Programming\OOP\C++\BackUp\Плейчик\Плейчик\Debug\link.6004.read.1.tlog
D:\Google Drive\KPI\Programming\OOP\C++\BackUp\Плейчик\Плейчик\Debug\link.6004.write.1.tlog
D:\Google Drive\KPI\Programming\OOP\C++\BackUp\Плейчик\Плейчик\Debug\link.6160-cvtres.read.1.tlog
D:\Google Drive\KPI\Programming\OOP\C++\BackUp\Плейчик\Плейчик\Debug\link.6160-cvtres.write.1.tlog
D:\Google Drive\KPI\Programming\OOP\C++\BackUp\Плейчик\Плейчик\Debug\link.6160-rc.read.1.tlog
D:\Google Drive\KPI\Programming\OOP\C++\BackUp\Плейчик\Плейчик\Debug\link.6160-rc.write.1.tlog
D:\Google Drive\KPI\Programming\OOP\C++\BackUp\Плейчик\Плейчик\Debug\link.6160.read.1.tlog
D:\Google Drive\KPI\Programming\OOP\C++\BackUp\Плейчик\Плейчик\Debug\link.6160.write.1.tlog
D:\Google Drive\KPI\Programming\OOP\C++\BackUp\Плейчик\Плейчик\Debug\link.6300-cvtres.read.1.tlog
D:\Google Drive\KPI\Programming\OOP\C++\BackUp\Плейчик\Плейчик\Debug\link.6300-cvtres.write.1.tlog
D:\Google Drive\KPI\Programming\OOP\C++\BackUp\Плейчик\Плейчик\Debug\link.6300-rc.read.1.tlog
D:\Google Drive\KPI\Programming\OOP\C++\BackUp\Плейчик\Плейчик\Debug\link.6300-rc.write.1.tlog
D:\Google Drive\KPI\Programming\OOP\C++\BackUp\Плейчик\Плейчик\Debug\link.6300.read.1.tlog
D:\Google Drive\KPI\Programming\OOP\C++\BackUp\Плейчик\Плейчик\Debug\link.6300.write.1.tlog
D:\Google Drive\KPI\Programming\OOP\C++\BackUp\Плейчик\Плейчик\Debug\link.7004-cvtres.read.1.tlog
D:\Google Drive\KPI\Programming\OOP\C++\BackUp\Плейчик\Плейчик\Debug\link.7004-cvtres.write.1.tlog
D:\Google Drive\KPI\Programming\OOP\C++\BackUp\Плейчик\Плейчик\Debug\link.7004-rc.read.1.tlog
D:\Google Drive\KPI\Programming\OOP\C++\BackUp\Плейчик\Плейчик\Debug\link.7004-rc.write.1.tlog
D:\Google Drive\KPI\Programming\OOP\C++\BackUp\Плейчик\Плейчик\Debug\link.7004.read.1.tlog
D:\Google Drive\KPI\Programming\OOP\C++\BackUp\Плейчик\Плейчик\Debug\link.7004.write.1.tlog
D:\Google Drive\KPI\Programming\OOP\C++\BackUp\Плейчик\Плейчик\Debug\link.command.1.tlog
D:\Google Drive\KPI\Programming\OOP\C++\BackUp\Плейчик\Плейчик\Debug\link.read.1.tlog
D:\Google Drive\KPI\Programming\OOP\C++\BackUp\Плейчик\Плейчик\Debug\link.write.1.tlog
D:\Google Drive\KPI\Programming\OOP\C++\BackUp\Плейчик\Плейчик\Debug\metagen.read.1.tlog
D:\Google Drive\KPI\Programming\OOP\C++\BackUp\Плейчик\Плейчик\Debug\metagen.write.1.tlog
D:\Google Drive\KPI\Programming\OOP\C++\BackUp\Плейчик\Плейчик\Debug\rc.command.1.tlog
D:\Google Drive\KPI\Programming\OOP\C++\BackUp\Плейчик\Плейчик\Debug\rc.read.1.tlog
D:\Google Drive\KPI\Programming\OOP\C++\BackUp\Плейчик\Плейчик\Debug\rc.write.1.tlog
D:\Google Drive\KPI\Programming\OOP\C++\BackUp\Плейчик\Плейчик\Debug\Плейчик.write.1.tlog
D:\Google Drive\KPI\Programming\OOP\C++\BackUp\Плейчик\Плейчик\Debug\app.res
D:\Google Drive\KPI\Programming\OOP\C++\BackUp\Плейчик\Плейчик\Debug\Плейчик.pch
D:\Google Drive\KPI\Programming\OOP\C++\BackUp\Плейчик\Плейчик\Debug\vc110.pdb
D:\Google Drive\KPI\Programming\OOP\C++\BackUp\Плейчик\Плейчик\Debug\RSAENH.DLL.bi
D:\Google Drive\KPI\Programming\OOP\C++\BackUp\Плейчик\Плейчик\Debug\TZRES.DLL.bi
D:\Google Drive\KPI\Programming\OOP\C++\BackUp\Плейчик\Debug\Плейчик.pdb
D:\Google Drive\KPI\Programming\OOP\C++\BackUp\Плейчик\Debug\Плейчик.exe
D:\Google Drive\KPI\Programming\OOP\C++\BackUp\Плейчик\Debug\Плейчик.ilk
